0 info it worked if it ends with ok
1 verbose cli [ '/usr/local/bin/node', '/usr/local/bin/npm', 'run', 'cy:open' ]
2 info using npm@3.10.10
3 info using node@v6.9.5
4 verbose run-script [ 'precy:open', 'cy:open', 'postcy:open' ]
5 info lifecycle @~precy:open: @
6 silly lifecycle @~precy:open: no script for precy:open, continuing
7 info lifecycle @~cy:open: @
8 verbose lifecycle @~cy:open: unsafe-perm in lifecycle true
9 verbose lifecycle @~cy:open: PATH: /usr/local/lib/node_modules/npm/bin/node-gyp-bin:/Users/ceelo/TurboTenant2/node_modules/.bin:/Users/ceelo/.rvm/gems/ruby-2.4.1/bin:/Users/ceelo/.rvm/gems/ruby-2.4.1@global/bin:/Users/ceelo/.rvm/rubies/ruby-2.4.1/bin:/usr/local/bin:/usr/local/sbin:~/bin:/usr/local/bin:/usr/bin:/bin:/usr/sbin:/sbin:/Users/ceelo/.rvm/gems/ruby-2.4.1/bin:/Users/ceelo/.rvm/gems/ruby-2.4.1@global/bin:/Users/ceelo/.rvm/rubies/ruby-2.4.1/bin:/usr/local/sbin:~/bin:/Users/ceelo/.rvm/bin:/Users/ceelo/.rvm/bin
10 verbose lifecycle @~cy:open: CWD: /Users/ceelo/TurboTenant2
11 silly lifecycle @~cy:open: Args: [ '-c', 'npx cypress open' ]
12 info lifecycle @~cy:open: Failed to exec cy:open script
13 verbose stack Error: @ cy:open: `npx cypress open`
13 verbose stack spawn ENOENT
13 verbose stack     at ChildProcess.<anonymous> (/usr/local/lib/node_modules/npm/lib/utils/spawn.js:33:16)
13 verbose stack     at emitTwo (events.js:106:13)
13 verbose stack     at ChildProcess.emit (events.js:191:7)
13 verbose stack     at maybeClose (internal/child_process.js:877:16)
13 verbose stack     at Process.ChildProcess._handle.onexit (internal/child_process.js:226:5)
14 verbose pkgid @
15 verbose cwd /Users/ceelo/TurboTenant2
16 error Darwin 21.6.0
17 error argv "/usr/local/bin/node" "/usr/local/bin/npm" "run" "cy:open"
18 error node v6.9.5
19 error npm  v3.10.10
20 error file sh
21 error code ELIFECYCLE
22 error errno ENOENT
23 error syscall spawn
24 error @ cy:open: `npx cypress open`
24 error spawn ENOENT
25 error Failed at the @ cy:open script 'npx cypress open'.
25 error Make sure you have the latest version of node.js and npm installed.
25 error If you do, this is most likely a problem with the  package,
25 error not with npm itself.
25 error Tell the author that this fails on your system:
25 error     npx cypress open
25 error You can get information on how to open an issue for this project with:
25 error     npm bugs
25 error Or if that isn't available, you can get their info via:
25 error     npm owner ls
25 error There is likely additional logging output above.
26 verbose exit [ 1, true ]
